Flutter crash report; please file at https://github.com/flutter/flutter/issues.

## command

flutter run

## exception

String: Exit code 1 from: C:\Users\georg\Documents\Source\helloflutter\android\gradlew.bat -v:
Downloading https://services.gradle.org/distributions/gradle-4.1-all.zip


Exception in thread "main" java.net.SocketException: Connection reset
	at java.net.SocketInputStream.read(SocketInputStream.java:210)
	at java.net.SocketInputStream.read(SocketInputStream.java:141)
	at sun.security.ssl.InputRecord.readFully(InputRecord.java:465)
	at sun.security.ssl.InputRecord.read(InputRecord.java:503)
	at sun.security.ssl.SSLSocketImpl.readRecord(SSLSocketImpl.java:983)
	at sun.security.ssl.SSLSocketImpl.performInitialHandshake(SSLSocketImpl.java:1385)
	at sun.security.ssl.SSLSocketImpl.startHandshake(SSLSocketImpl.java:1413)
	at sun.security.ssl.SSLSocketImpl.startHandshake(SSLSocketImpl.java:1397)
	at sun.net.www.protocol.https.HttpsClient.afterConnect(HttpsClient.java:559)
	at sun.net.www.protocol.https.AbstractDelegateHttpsURLConnection.connect(AbstractDelegateHttpsURLConnection.java:185)
	at sun.net.www.protocol.http.HttpURLConnection.followRedirect0(HttpURLConnection.java:2701)
	at sun.net.www.protocol.http.HttpURLConnection.followRedirect(HttpURLConnection.java:2623)
	at sun.net.www.protocol.http.HttpURLConnection.getInputStream0(HttpURLConnection.java:1806)
	at sun.net.www.protocol.http.HttpURLConnection.getInputStream(HttpURLConnection.java:1474)
	at sun.net.www.protocol.https.HttpsURLConnectionImpl.getInputStream(HttpsURLConnectionImpl.java:254)
	at org.gradle.wrapper.Download.downloadInternal(Download.java:58)
	at org.gradle.wrapper.Download.download(Download.java:44)
	at org.gradle.wrapper.Install$1.call(Install.java:61)
	at org.gradle.wrapper.Install$1.call(Install.java:48)
	at org.gradle.wrapper.ExclusiveFileAccessManager.access(ExclusiveFileAccessManager.java:65)
	at org.gradle.wrapper.Install.createDist(Install.java:48)
	at org.gradle.wrapper.WrapperExecutor.execute(WrapperExecutor.java:128)
	at org.gradle.wrapper.GradleWrapperMain.main(GradleWrapperMain.java:61)

```
#0      runCheckedAsync (package:flutter_tools/src/base/process.dart:249)
<asynchronous suspension>
#1      _initializeGradle (package:flutter_tools/src/android/gradle.dart:177)
<asynchronous suspension>
#2      _ensureGradle (package:flutter_tools/src/android/gradle.dart:159)
<asynchronous suspension>
#3      _readGradleProject (package:flutter_tools/src/android/gradle.dart:94)
<asynchronous suspension>
#4      _gradleProject (package:flutter_tools/src/android/gradle.dart:87)
<asynchronous suspension>
#5      getGradleAppOut (package:flutter_tools/src/android/gradle.dart:81)
<asynchronous suspension>
#6      AndroidApk.fromCurrentDirectory (package:flutter_tools/src/application_package.dart:86)
<asynchronous suspension>
#7      getApplicationPackageForPlatform (package:flutter_tools/src/application_package.dart:270)
<asynchronous suspension>
#8      FlutterDevice.runHot (package:flutter_tools/src/resident_runner.dart:264)
<asynchronous suspension>
#9      HotRunner.run (package:flutter_tools/src/run_hot.dart:216)
<asynchronous suspension>
#10     RunCommand.runCommand (package:flutter_tools/src/commands/run.dart:368)
<asynchronous suspension>
#11     FlutterCommand.verifyThenRunCommand (package:flutter_tools/src/runner/flutter_command.dart:290)
<asynchronous suspension>
#12     FlutterCommand.run (package:flutter_tools/src/runner/flutter_command.dart:228)
<asynchronous suspension>
#13     CommandRunner.runCommand (package:args/command_runner.dart:194)
<asynchronous suspension>
#14     FlutterCommandRunner.runCommand (package:flutter_tools/src/runner/flutter_command_runner.dart:286)
<asynchronous suspension>
#15     CommandRunner.run.<anonymous closure> (package:args/command_runner.dart:109)
#16     new Future.sync (dart:async/future.dart:222)
#17     CommandRunner.run (package:args/command_runner.dart:109)
#18     FlutterCommandRunner.run (package:flutter_tools/src/runner/flutter_command_runner.dart:166)
#19     run.<anonymous closure> (package:flutter_tools/runner.dart:90)
<asynchronous suspension>
#20     AppContext._run (package:flutter_tools/src/base/context.dart:76)
<asynchronous suspension>
#21     AppContext.runInZone.<anonymous closure> (package:flutter_tools/src/base/context.dart:66)
#22     _rootRun (dart:async/zone.dart:1126)
#23     _CustomZone.run (dart:async/zone.dart:1023)
#24     runZoned (dart:async/zone.dart:1501)
#25     AppContext.runInZone (package:flutter_tools/src/base/context.dart:65)
#26     run (package:flutter_tools/runner.dart:61)
<asynchronous suspension>
#27     main (package:flutter_tools/executable.dart:48)
<asynchronous suspension>
#28     main (file:///C:/Users/georg/Documents/Source/flutter/packages/flutter_tools/bin/flutter_tools.dart:16)
#29     _startIsolate.<anonymous closure> (dart:isolate-patch/dart:isolate/isolate_patch.dart:277)
#30     _RawReceivePortImpl._handleMessage (dart:isolate-patch/dart:isolate/isolate_patch.dart:165)
```

## flutter doctor

```
[✓] Flutter (Channel beta, v0.2.3, on Microsoft Windows [Version 10.0.16299.371], locale en-GB)
    • Flutter version 0.2.3 at C:\Users\georg\Documents\Source\flutter
    • Framework revision 5a58b36e36 (4 weeks ago), 2018-03-13 13:20:13 -0700
    • Engine revision e61bb9ac3a
    • Dart version 2.0.0-dev.35.flutter-290c576264

[!] Android toolchain - develop for Android devices (Android SDK 27.0.3)
    • Android SDK at C:\Users\georg\AppData\Local\Android\sdk
    • Android NDK location not configured (optional; useful for native profiling support)
    • Platform android-27, build-tools 27.0.3
    • Java binary at: C:\Program Files\Android\Android Studio\jre\bin\java
    • Java version OpenJDK Runtime Environment (build 1.8.0_152-release-1024-b02)
    ! Some Android licenses not accepted.  To resolve this, run: flutter doctor --android-licenses

[✓] Android Studio (version 3.1)
    • Android Studio at C:\Program Files\Android\Android Studio
    • Java version OpenJDK Runtime Environment (build 1.8.0_152-release-1024-b02)

[✓] VS Code, 64-bit edition (version 1.21.1)
    • VS Code at C:\Program Files\Microsoft VS Code
    • Dart Code extension version 2.11.2

[✓] Connected devices (1 available)
    • Android SDK built for x86 • emulator-5554 • android-x86 • Android 5.1.1 (API 22) (emulator)

! Doctor found issues in 1 category.
```
